
Compiling cpp/task-1...
========================================
Running cpp/task-1...
========================================
Running cpp/task-1...
========================================
Running cpp/task-1...
========================================
Running cpp/task-1...
========================================
Running cpp/task-1...
========================================
Running cpp/task-1...
========================================

Numar incorect de componente tare conexe (2 vs 3).	Running cpp/task-1...
========================================
Running cpp/task-1...
========================================

Numar incorect de componente tare conexe (24004 vs 24109).	Running cpp/task-1...
========================================

Numar incorect de componente tare conexe (56009 vs 57017).	Running cpp/task-1...
========================================
Running cpp/task-2...
========================================
Running cpp/task-2...
========================================
Running cpp/task-2...
========================================

Numar incorect de noduri critice (1 vs 5).	Running cpp/task-2...
========================================
Running cpp/task-2...
========================================
Running cpp/task-2...
========================================
Running cpp/task-2...
========================================

Numar incorect de noduri critice (1680 vs 2068).	Running cpp/task-2...
========================================
Running cpp/task-2...
========================================

Numar incorect de noduri critice (5825 vs 6714).	Running cpp/task-2...
========================================

Numar incorect de noduri critice (3043 vs 3610).	Running cpp/task-3...
========================================
Running cpp/task-3...
========================================
Running cpp/task-3...
========================================
Running cpp/task-3...
========================================
Running cpp/task-3...
========================================
Running cpp/task-3...
========================================
Running cpp/task-3...
========================================
Running cpp/task-3...
========================================
Running cpp/task-3...
========================================
Running cpp/task-3...
========================================
